<?xml version="1.0" encoding="UTF-8"?>
<!-- Generated by org.testng.reporters.JUnitReportReporter -->
<testsuite hostname="DESKTOP-FQIHLPS" failures="0" tests="1" name="com.actitime.testscript.DemoAssertion2" time="6.621" errors="0" timestamp="2023-08-31T23:57:48 IST" skipped="0">
  <testcase classname="com.actitime.testscript.DemoAssertion2" name="verifytitle" time="6.621"/>
</testsuite> <!-- com.actitime.testscript.DemoAssertion2 -->
