<?xml version="1.0" encoding="UTF-8"?>
<!-- Generated by org.testng.reporters.JUnitReportReporter -->
<testsuite hostname="DESKTOP-FQIHLPS" failures="0" tests="1" name="com.actitime.testscript.Demo" time="0.019" errors="0" timestamp="2023-09-02T15:17:08 IST" skipped="0">
  <testcase classname="com.actitime.testscript.Demo" name="demo" time="0.019">
    <system-out>
      <![CDATA[bavana]]>
    </system-out>
  </testcase> <!-- demo -->
  <system-out>
    <![CDATA[bavana]]>
  </system-out>
</testsuite> <!-- com.actitime.testscript.Demo -->
