<?xml version="1.0" encoding="UTF-8"?>
<!-- Generated by org.testng.reporters.JUnitReportReporter -->
<testsuite hostname="DESKTOP-FQIHLPS" failures="0" tests="3" name="com.actitime.testscript.ProjectModule" time="27.842" errors="0" timestamp="2023-09-24T23:40:09 IST" skipped="0">
  <testcase classname="com.actitime.testscript.ProjectModule" name="createProject" time="13.804">
    <system-out>
      <![CDATA[createProject]]>
    </system-out>
  </testcase> <!-- createProject -->
  <testcase classname="com.actitime.testscript.ProjectModule" name="modifyProject" time="7.996">
    <system-out>
      <![CDATA[modifyProject]]>
    </system-out>
  </testcase> <!-- modifyProject -->
  <testcase classname="com.actitime.testscript.ProjectModule" name="deleteProject" time="6.042">
    <system-out>
      <![CDATA[deleteProject]]>
    </system-out>
  </testcase> <!-- deleteProject -->
  <system-out>
    <![CDATA[openBrowser
login
createProject
logout
login
deleteProject
logout
login
modifyProject
logout
deleteCustomer
modifyCustomer
login
closeBrowser]]>
  </system-out>
</testsuite> <!-- com.actitime.testscript.ProjectModule -->
