<?xml version="1.0" encoding="UTF-8"?>
<!-- Generated by org.testng.reporters.JUnitReportReporter -->
<testsuite hostname="DESKTOP-FQIHLPS" failures="0" tests="1" name="com.actitime.testscript.ActiTime" time="17.273" errors="0" timestamp="2023-09-01T00:11:40 IST" skipped="0">
  <testcase classname="com.actitime.testscript.ActiTime" name="actiTime" time="17.273">
    <system-out>
      <![CDATA[actitime]]>
    </system-out>
  </testcase> <!-- actiTime -->
  <system-out>
    <![CDATA[openBrowser
login
actitime
logout
closeBrowser]]>
  </system-out>
</testsuite> <!-- com.actitime.testscript.ActiTime -->
