<?xml version="1.0" encoding="UTF-8"?>
<!-- Generated by org.testng.reporters.JUnitReportReporter -->
<testsuite hostname="DESKTOP-FQIHLPS" failures="0" tests="1" name="com.actitime.pom.TestMainMehod" time="30.361" errors="0" timestamp="2023-09-05T15:33:31 IST" skipped="0">
  <testcase classname="com.actitime.pom.TestMainMehod" name="validLogin" time="30.361"/>
</testsuite> <!-- com.actitime.pom.TestMainMehod -->
