<?xml version="1.0" encoding="UTF-8"?>
<!-- Generated by org.testng.reporters.JUnitReportReporter -->
<testsuite hostname="DESKTOP-FQIHLPS" failures="0" tests="1" name="TestNG.ProjectModule" time="0.019" errors="0" timestamp="2023-09-24T23:48:26 IST" skipped="0">
  <testcase classname="TestNG.ProjectModule" name="modifyProject" time="0.019">
    <system-out>
      <![CDATA[modifyProject]]>
    </system-out>
  </testcase> <!-- modifyProject -->
  <system-out>
    <![CDATA[modifyProject
modifyCustomer]]>
  </system-out>
</testsuite> <!-- TestNG.ProjectModule -->
