<?xml version="1.0" encoding="UTF-8"?>
<!-- Generated by org.testng.reporters.JUnitReportReporter -->
<testsuite hostname="DESKTOP-FQIHLPS" failures="0" tests="1" name="com.actitime.testscript.DemoAssertion" time="6.839" errors="0" timestamp="2023-08-31T23:20:16 IST" skipped="0">
  <testcase classname="com.actitime.testscript.DemoAssertion" name="veifyTitle" time="6.839">
    <system-out>
      <![CDATA[title is Not Matching and failed]]>
    </system-out>
  </testcase> <!-- veifyTitle -->
  <system-out>
    <![CDATA[title is Not Matching and failed]]>
  </system-out>
</testsuite> <!-- com.actitime.testscript.DemoAssertion -->
