<?xml version="1.0" encoding="UTF-8"?>
<!-- Generated by org.testng.reporters.JUnitReportReporter -->
<testsuite hostname="DESKTOP-FQIHLPS" failures="0" tests="4" name="com.actitime.testscript.TaskModule" time="0.004" errors="1" timestamp="2023-09-24T23:40:09 IST" skipped="3">
  <testcase classname="com.actitime.testscript.TaskModule" name="createTask" time="0.000">
    <skipped/>
  </testcase> <!-- createTask -->
  <testcase classname="com.actitime.testscript.TaskModule" name="login" time="0.002">
    <error message="Cannot invoke &quot;org.openqa.selenium.WebDriver.get(String)&quot; because &quot;this.driver&quot; is null" type="java.lang.NullPointerException">
      <![CDATA[java.lang.NullPointerException: Cannot invoke "org.openqa.selenium.WebDriver.get(String)" because "this.driver" is null
at com.actitime.generic.BaseClass.login(BaseClass.java:32)
at java.base/jdk.internal.reflect.DirectMethodHandleAccessor.invoke(DirectMethodHandleAccessor.java:104)
at java.base/java.lang.reflect.Method.invoke(Method.java:578)
at org.testng.internal.invokers.MethodInvocationHelper.invokeMethod(MethodInvocationHelper.java:139)
at org.testng.internal.invokers.MethodInvocationHelper.invokeMethodConsideringTimeout(MethodInvocationHelper.java:69)
at org.testng.internal.invokers.ConfigInvoker.invokeConfigurationMethod(ConfigInvoker.java:390)
at org.testng.internal.invokers.ConfigInvoker.invokeConfigurations(ConfigInvoker.java:325)
at org.testng.internal.invokers.TestInvoker.runConfigMethods(TestInvoker.java:810)
at org.testng.internal.invokers.TestInvoker.invokeMethod(TestInvoker.java:577)
at org.testng.internal.invokers.TestInvoker.invokeTestMethod(TestInvoker.java:227)
at org.testng.internal.invokers.MethodRunner.runInSequence(MethodRunner.java:50)
at org.testng.internal.invokers.TestInvoker$MethodInvocationAgent.invoke(TestInvoker.java:957)
at org.testng.internal.invokers.TestInvoker.invokeTestMethods(TestInvoker.java:200)
at org.testng.internal.invokers.TestMethodWorker.invokeTestMethods(TestMethodWorker.java:148)
at org.testng.internal.invokers.TestMethodWorker.run(TestMethodWorker.java:128)
at java.base/java.util.ArrayList.forEach(ArrayList.java:1511)
at org.testng.TestRunner.privateRun(TestRunner.java:848)
at org.testng.TestRunner.run(TestRunner.java:621)
at org.testng.SuiteRunner.runTest(SuiteRunner.java:443)
at org.testng.SuiteRunner.runSequentially(SuiteRunner.java:437)
at org.testng.SuiteRunner.privateRun(SuiteRunner.java:397)
at org.testng.SuiteRunner.run(SuiteRunner.java:336)
at org.testng.SuiteRunnerWorker.runSuite(SuiteRunnerWorker.java:52)
at org.testng.SuiteRunnerWorker.run(SuiteRunnerWorker.java:95)
at org.testng.TestNG.runSuitesSequentially(TestNG.java:1280)
at org.testng.TestNG.runSuitesLocally(TestNG.java:1200)
at org.testng.TestNG.runSuites(TestNG.java:1114)
at org.testng.TestNG.run(TestNG.java:1082)
at org.testng.remote.AbstractRemoteTestNG.run(AbstractRemoteTestNG.java:115)
at org.testng.remote.RemoteTestNG.initAndRun(RemoteTestNG.java:251)
at org.testng.remote.RemoteTestNG.main(RemoteTestNG.java:77)
]]>
    </error>
    <system-out>
      <![CDATA[login]]>
    </system-out>
  </testcase> <!-- login -->
  <testcase classname="com.actitime.testscript.TaskModule" name="modifyCustomer" time="0.001">
    <skipped/>
  </testcase> <!-- modifyCustomer -->
  <testcase classname="com.actitime.testscript.TaskModule" name="deleteCustomer" time="0.001">
    <skipped/>
  </testcase> <!-- deleteCustomer -->
  <system-out>
    <![CDATA[openBrowser
login
createProject
logout
login
deleteProject
logout
login
modifyProject
logout
deleteCustomer
modifyCustomer
login
closeBrowser]]>
  </system-out>
</testsuite> <!-- com.actitime.testscript.TaskModule -->
