<?xml version="1.0" encoding="UTF-8"?>
<!-- Generated by org.testng.reporters.JUnitReportReporter -->
<testsuite hostname="DESKTOP-FQIHLPS" failures="0" tests="3" name="TestNG.TaskModule" time="0.005" errors="0" timestamp="2023-09-24T23:44:18 IST" skipped="0">
  <testcase classname="TestNG.TaskModule" name="modifyTask" time="0.002">
    <system-out>
      <![CDATA[modifyTask]]>
    </system-out>
  </testcase> <!-- modifyTask -->
  <testcase classname="TestNG.TaskModule" name="deleteTask" time="0.002">
    <system-out>
      <![CDATA[deleteTask]]>
    </system-out>
  </testcase> <!-- deleteTask -->
  <testcase classname="TestNG.TaskModule" name="creatTask" time="0.001">
    <system-out>
      <![CDATA[creatTask]]>
    </system-out>
  </testcase> <!-- creatTask -->
  <system-out>
    <![CDATA[creatProject
deleteProject
modifyProject
crateCustomer
deleteCustomer
modifyCustomer
creatTask
deleteTask
modifyTask]]>
  </system-out>
</testsuite> <!-- TestNG.TaskModule -->
