<?xml version="1.0" encoding="UTF-8"?>
<!-- Generated by org.testng.reporters.JUnitReportReporter -->
<testsuite hostname="DESKTOP-FQIHLPS" failures="0" tests="2" name="com.actitime.testscript.CustomerModule" time="0.008" errors="0" timestamp="2023-09-24T23:40:09 IST" skipped="0">
  <testcase classname="com.actitime.testscript.CustomerModule" name="modifyCustomer" time="0.006">
    <system-out>
      <![CDATA[modifyCustomer]]>
    </system-out>
  </testcase> <!-- modifyCustomer -->
  <testcase classname="com.actitime.testscript.CustomerModule" name="deleteCustomer" time="0.002">
    <system-out>
      <![CDATA[deleteCustomer]]>
    </system-out>
  </testcase> <!-- deleteCustomer -->
  <system-out>
    <![CDATA[openBrowser
login
createProject
logout
login
deleteProject
logout
login
modifyProject
logout
deleteCustomer
modifyCustomer
login
closeBrowser]]>
  </system-out>
</testsuite> <!-- com.actitime.testscript.CustomerModule -->
