<?xml version="1.0" encoding="UTF-8"?>
<!-- Generated by org.testng.reporters.JUnitReportReporter -->
<testsuite hostname="DESKTOP-FQIHLPS" failures="0" tests="1" name="com.actitime.testscript.DemoAssertion3" time="6.565" errors="0" timestamp="2023-09-02T15:11:01 IST" skipped="0">
  <testcase classname="com.actitime.testscript.DemoAssertion3" name="verifyTitle" time="6.565"/>
</testsuite> <!-- com.actitime.testscript.DemoAssertion3 -->
