<?xml version="1.0" encoding="UTF-8"?>
<!-- Generated by org.testng.reporters.JUnitReportReporter -->
<testsuite hostname="DESKTOP-FQIHLPS" failures="0" tests="2" name="com.actitime.testscript.DemoTestNG" time="0.020" errors="0" timestamp="2023-08-30T15:00:29 IST" skipped="0">
  <testcase classname="com.actitime.testscript.DemoTestNG" name="demo" time="0.019">
    <system-out>
      <![CDATA[hi]]>
    </system-out>
  </testcase> <!-- demo -->
  <testcase classname="com.actitime.testscript.DemoTestNG" name="demo1" time="0.001">
    <system-out>
      <![CDATA[bye]]>
    </system-out>
  </testcase> <!-- demo1 -->
  <system-out>
    <![CDATA[hi
bye]]>
  </system-out>
</testsuite> <!-- com.actitime.testscript.DemoTestNG -->
