<?xml version="1.0" encoding="UTF-8"?>
<!-- Generated by org.testng.reporters.JUnitReportReporter -->
<testsuite hostname="DESKTOP-FQIHLPS" failures="0" tests="1" name="TestNG.CustomerModule" time="0.003" errors="0" timestamp="2023-09-24T23:48:26 IST" skipped="0">
  <testcase classname="TestNG.CustomerModule" name="modifyCustomer" time="0.003">
    <system-out>
      <![CDATA[modifyCustomer]]>
    </system-out>
  </testcase> <!-- modifyCustomer -->
  <system-out>
    <![CDATA[modifyProject
modifyCustomer]]>
  </system-out>
</testsuite> <!-- TestNG.CustomerModule -->
